<?xml version="1.0" encoding="UTF-8"?>
<!-- Generated by org.testng.reporters.JUnitXMLReporter -->
<testsuite ignored="0" hostname="DESKTOP-L79JB9P" failures="0" tests="3" name="Default test" time="16.868" errors="0" timestamp="2025-02-25T18:18:12 IST">
  <testcase classname="com.hcl.logintests.MobileLoginTest" name="launchApp" time="16.164"/>
  <testcase classname="com.hcl.logintests.MobileLoginTest" name="doActions" time="0.004"/>
  <testcase classname="com.hcl.logintests.MobileLoginTest" name="closeTest" time="0.568"/>
</testsuite> <!-- Default test -->
