<?xml version="1.0" encoding="UTF-8"?>
<!-- Generated by org.testng.reporters.JUnitXMLReporter -->
<testsuite ignored="0" hostname="DESKTOP-L79JB9P" failures="0" tests="3" name="Test" time="7.026" errors="0" timestamp="2025-02-25T18:24:30 IST">
  <testcase classname="com.hcl.logintests.WebLoginTest" name="launchApp" time="6.535"/>
  <testcase classname="com.hcl.logintests.WebLoginTest" name="doActions" time="0.008"/>
  <testcase classname="com.hcl.logintests.WebLoginTest" name="closeTest" time="0.351"/>
</testsuite> <!-- Test -->
