<?xml version="1.0" encoding="UTF-8"?>
<testng-results ignored="0" total="3" passed="3" failed="0" skipped="0">
  <reporter-output>
  </reporter-output>
  <suite started-at="2025-02-25T18:24:23 IST" name="Suite" finished-at="2025-02-25T18:24:30 IST" duration-ms="7026">
    <groups>
    </groups>
    <test started-at="2025-02-25T18:24:23 IST" name="Test" finished-at="2025-02-25T18:24:30 IST" duration-ms="7026">
      <class name="com.hcl.logintests.WebLoginTest">
        <test-method signature="launchApp()[pri:1, instance:com.hcl.logintests.WebLoginTest@3a3e78f]" started-at="2025-02-25T18:24:23 IST" name="launchApp" finished-at="2025-02-25T18:24:29 IST" duration-ms="6535" status="PASS">
          <reporter-output>
          </reporter-output>
        </test-method> <!-- launchApp -->
        <test-method signature="doActions()[pri:2, instance:com.hcl.logintests.WebLoginTest@3a3e78f]" started-at="2025-02-25T18:24:29 IST" name="doActions" finished-at="2025-02-25T18:24:29 IST" duration-ms="8" status="PASS">
          <reporter-output>
          </reporter-output>
        </test-method> <!-- doActions -->
        <test-method signature="closeTest()[pri:3, instance:com.hcl.logintests.WebLoginTest@3a3e78f]" started-at="2025-02-25T18:24:29 IST" name="closeTest" finished-at="2025-02-25T18:24:30 IST" duration-ms="351" status="PASS">
          <reporter-output>
          </reporter-output>
        </test-method> <!-- closeTest -->
      </class> <!-- com.hcl.logintests.WebLoginTest -->
    </test> <!-- Test -->
  </suite> <!-- Suite -->
</testng-results>
